# JRE version: OpenJDK Runtime Environment (11.0.2+9) (build 11.0.2+9-Ubuntu-3ubuntu118.10.3)
# Java VM: OpenJDK 64-Bit Server VM (11.0.2+9-Ubuntu-3ubuntu118.10.3, mixed mode, sharing, tiered, compressed oops, g1 gc, linux-amd64)
Heap:
 garbage-first heap   total 658432K, used 142413K [0x00000000c0000000, 0x0000000100000000)
  region size 1024K, 6 young (6144K), 6 survivors (6144K)
 Metaspace       used 42998K, capacity 45172K, committed 45360K, reserved 1089536K
  class space    used 4324K, capacity 5175K, committed 5248K, reserved 1048576K
GC Heap History (10 events):
Event: 34,900 GC heap after
{Heap after GC invocations=33 (full 0):
 garbage-first heap   total 437248K, used 116344K [0x00000000c0000000, 0x0000000100000000)
  region size 1024K, 5 young (5120K), 5 survivors (5120K)
 Metaspace       used 42991K, capacity 45172K, committed 45360K, reserved 1089536K
  class space    used 4323K, capacity 5175K, committed 5248K, reserved 1048576K
}
Event: 36,069 GC heap before
{Heap before GC invocations=33 (full 0):
 garbage-first heap   total 437248K, used 165496K [0x00000000c0000000, 0x0000000100000000)
  region size 1024K, 53 young (54272K), 5 survivors (5120K)
 Metaspace       used 42992K, capacity 45172K, committed 45360K, reserved 1089536K
  class space    used 4323K, capacity 5175K, committed 5248K, reserved 1048576K
}
Event: 36,240 GC heap after
{Heap after GC invocations=34 (full 0):
 garbage-first heap   total 560128K, used 120952K [0x00000000c0000000, 0x0000000100000000)
  region size 1024K, 5 young (5120K), 5 survivors (5120K)
 Metaspace       used 42992K, capacity 45172K, committed 45360K, reserved 1089536K
  class space    used 4323K, capacity 5175K, committed 5248K, reserved 1048576K
}
Event: 37,197 GC heap before
{Heap before GC invocations=34 (full 0):
 garbage-first heap   total 560128K, used 161912K [0x00000000c0000000, 0x0000000100000000)
  region size 1024K, 45 young (46080K), 5 survivors (5120K)
 Metaspace       used 42992K, capacity 45172K, committed 45360K, reserved 1089536K
  class space    used 4323K, capacity 5175K, committed 5248K, reserved 1048576K
}
Event: 37,406 GC heap after
{Heap after GC invocations=35 (full 0):
 garbage-first heap   total 560128K, used 127056K [0x00000000c0000000, 0x0000000100000000)
  region size 1024K, 6 young (6144K), 6 survivors (6144K)
 Metaspace       used 42992K, capacity 45172K, committed 45360K, reserved 1089536K
  class space    used 4323K, capacity 5175K, committed 5248K, reserved 1048576K
}
Event: 37,968 GC heap before
{Heap before GC invocations=35 (full 0):
 garbage-first heap   total 560128K, used 168016K [0x00000000c0000000, 0x0000000100000000)
  region size 1024K, 46 young (47104K), 6 survivors (6144K)
 Metaspace       used 42992K, capacity 45172K, committed 45360K, reserved 1089536K
  class space    used 4323K, capacity 5175K, committed 5248K, reserved 1048576K
}
Event: 38,092 GC heap after
{Heap after GC invocations=36 (full 0):
 garbage-first heap   total 560128K, used 131643K [0x00000000c0000000, 0x0000000100000000)
  region size 1024K, 5 young (5120K), 5 survivors (5120K)
 Metaspace       used 42992K, capacity 45172K, committed 45360K, reserved 1089536K
  class space    used 4323K, capacity 5175K, committed 5248K, reserved 1048576K
}
Event: 38,689 GC heap before
{Heap before GC invocations=36 (full 0):
 garbage-first heap   total 560128K, used 180795K [0x00000000c0000000, 0x0000000100000000)
  region size 1024K, 53 young (54272K), 5 survivors (5120K)
 Metaspace       used 42993K, capacity 45172K, committed 45360K, reserved 1089536K
  class space    used 4323K, capacity 5175K, committed 5248K, reserved 1048576K
}
Event: 38,806 GC heap after
{Heap after GC invocations=37 (full 0):
 garbage-first heap   total 560128K, used 136693K [0x00000000c0000000, 0x0000000100000000)
  region size 1024K, 5 young (5120K), 5 survivors (5120K)
 Metaspace       used 42993K, capacity 45172K, committed 45360K, reserved 1089536K
  class space    used 4323K, capacity 5175K, committed 5248K, reserved 1048576K
}
Event: 40,054 GC heap before
{Heap before GC invocations=37 (full 0):
 garbage-first heap   total 560128K, used 182773K [0x00000000c0000000, 0x0000000100000000)
  region size 1024K, 50 young (51200K), 5 survivors (5120K)
 Metaspace       used 42998K, capacity 45172K, committed 45360K, reserved 1089536K
  class space    used 4324K, capacity 5175K, committed 5248K, reserved 1048576K
}

